2019-06-04 16:30:11,442 INFO [main] c.a.s.consumer.ConsumerApplication [StartupInfoLogger.java : 50] Starting ConsumerApplication on VX40KKIG7O7TEG5 with PID 4436 (C:\Users\Administrator\Desktop\addplus_mini-master\addplus_consumer\target\classes started by Administrator in C:\Users\Administrator\Desktop\addplus_mini-master)
2019-06-04 16:30:11,943 INFO [main] c.a.s.consumer.ConsumerApplication [SpringApplication.java : 679] The following profiles are active: connector,dev
2019-06-04 16:30:13,418 INFO [main] o.s.d.r.c.RepositoryConfigurationDelegate [RepositoryConfigurationDelegate.java : 244] Multiple Spring Data modules found, entering strict repository configuration mode!
2019-06-04 16:30:13,424 INFO [main] o.s.d.r.c.RepositoryConfigurationDelegate [RepositoryConfigurationDelegate.java : 126] Bootstrapping Spring Data repositories in DEFAULT mode.
2019-06-04 16:30:13,459 INFO [main] o.s.d.r.c.RepositoryConfigurationDelegate [RepositoryConfigurationDelegate.java : 182] Finished Spring Data repository scanning in 18ms. Found 0 repository interfaces.
2019-06-04 16:30:13,976 INFO [main] o.s.c.s.PostProcessorRegistrationDelegate$BeanPostProcessorChecker [PostProcessorRegistrationDelegate.java : 330] Bean 'org.springframework.transaction.annotation.ProxyTransactionManagementConfiguration' of type [org.springframework.transaction.annotation.ProxyTransactionManagementConfiguration$$EnhancerBySpringCGLIB$$7e47ffa0] is not eligible for getting processed by all BeanPostProcessors (for example: not eligible for auto-proxying)
2019-06-04 16:30:14,316 INFO [main] o.s.b.w.e.tomcat.TomcatWebServer [TomcatWebServer.java : 90] Tomcat initialized with port(s): 9091 (http)
2019-06-04 16:30:14,338 INFO [main] o.a.catalina.core.StandardService [DirectJDKLog.java : 173] Starting service [Tomcat]
2019-06-04 16:30:14,338 INFO [main] o.a.catalina.core.StandardEngine [DirectJDKLog.java : 173] Starting Servlet engine: [Apache Tomcat/9.0.17]
2019-06-04 16:30:14,448 INFO [main] o.a.c.c.C.[Tomcat].[localhost].[/] [DirectJDKLog.java : 173] Initializing Spring embedded WebApplicationContext
2019-06-04 16:30:14,825 INFO [main] c.a.s.connector.redis.RedisConfig [RedisConfig.java : 88] getJedisPoolConfig
2019-06-04 16:30:14,827 INFO [main] c.a.s.connector.redis.RedisConfig [RedisConfig.java : 112] getConnectionFactory
2019-06-04 16:30:15,049 INFO [main] o.s.b.f.a.AutowiredAnnotationBeanPostProcessor [AutowiredAnnotationBeanPostProcessor.java : 471] Autowired annotation should only be used on methods with parameters: private void com.addplus.server.consumer.rabbitmq.LogOperatorConsumer.initRestMapperMap()
2019-06-04 16:30:16,311 INFO [main] c.a.s.connector.redis.RedisConfig [RedisConfig.java : 126] getRedisTemplate
2019-06-04 16:30:16,322 INFO [main] c.a.s.connector.redis.RedisConfig [RedisConfig.java : 137] getRedisTemplateForPython
2019-06-04 16:30:16,323 INFO [main] c.a.s.connector.redis.RedisConfig [RedisConfig.java : 150] getRedisTemplate
2019-06-04 16:30:16,325 INFO [main] c.a.s.connector.redis.RedisConfig [RedisConfig.java : 163] redisSlaveTemplateManager
2019-06-04 16:30:16,327 INFO [main] c.a.s.connector.redis.RedisConfig [RedisConfig.java : 197] getListOperations
2019-06-04 16:30:16,330 INFO [main] c.a.s.connector.redis.RedisConfig [RedisConfig.java : 203] getHashOperations
2019-06-04 16:30:16,333 INFO [main] c.a.s.connector.redis.RedisConfig [RedisConfig.java : 209] getSetOperations
2019-06-04 16:30:16,335 INFO [main] c.a.s.connector.redis.RedisConfig [RedisConfig.java : 215] getValueOperations
2019-06-04 16:30:16,338 INFO [main] c.a.s.connector.redis.RedisConfig [RedisConfig.java : 221] getValueOperations
2019-06-04 16:30:16,500 INFO [main] o.s.s.c.ThreadPoolTaskExecutor [ExecutorConfigurationSupport.java : 171] Initializing ExecutorService 'applicationTaskExecutor'
2019-06-04 16:30:16,903 INFO [main] o.s.b.a.e.web.EndpointLinksResolver [EndpointLinksResolver.java : 59] Exposing 2 endpoint(s) beneath base path '/actuator'
2019-06-04 16:30:16,979 INFO [main] o.s.b.w.e.tomcat.TomcatWebServer [TomcatWebServer.java : 204] Tomcat started on port(s): 9091 (http) with context path ''
2019-06-04 16:30:16,983 INFO [main] c.a.s.consumer.ConsumerApplication [StartupInfoLogger.java : 59] Started ConsumerApplication in 7.627 seconds (JVM running for 10.326)
2019-06-04 16:30:18,463 INFO [RMI TCP Connection(3)-192.168.3.47] o.a.c.c.C.[Tomcat].[localhost].[/] [DirectJDKLog.java : 173] Initializing Spring DispatcherServlet 'dispatcherServlet'
2019-06-04 17:41:46,681 INFO [main] c.a.s.consumer.ConsumerApplication [StartupInfoLogger.java : 50] Starting ConsumerApplication on VX40KKIG7O7TEG5 with PID 47644 (C:\Users\Administrator\Desktop\addplus_mini-master\addplus_consumer\target\classes started by Administrator in C:\Users\Administrator\Desktop\addplus_mini-master)
2019-06-04 17:41:46,686 INFO [main] c.a.s.consumer.ConsumerApplication [SpringApplication.java : 679] The following profiles are active: connector,dev
2019-06-04 17:41:47,672 INFO [main] o.s.d.r.c.RepositoryConfigurationDelegate [RepositoryConfigurationDelegate.java : 244] Multiple Spring Data modules found, entering strict repository configuration mode!
2019-06-04 17:41:47,674 INFO [main] o.s.d.r.c.RepositoryConfigurationDelegate [RepositoryConfigurationDelegate.java : 126] Bootstrapping Spring Data repositories in DEFAULT mode.
2019-06-04 17:41:47,702 INFO [main] o.s.d.r.c.RepositoryConfigurationDelegate [RepositoryConfigurationDelegate.java : 182] Finished Spring Data repository scanning in 14ms. Found 0 repository interfaces.
2019-06-04 17:41:48,277 INFO [main] o.s.c.s.PostProcessorRegistrationDelegate$BeanPostProcessorChecker [PostProcessorRegistrationDelegate.java : 330] Bean 'org.springframework.transaction.annotation.ProxyTransactionManagementConfiguration' of type [org.springframework.transaction.annotation.ProxyTransactionManagementConfiguration$$EnhancerBySpringCGLIB$$c76c796a] is not eligible for getting processed by all BeanPostProcessors (for example: not eligible for auto-proxying)
2019-06-04 17:41:48,655 INFO [main] o.s.b.w.e.tomcat.TomcatWebServer [TomcatWebServer.java : 90] Tomcat initialized with port(s): 9091 (http)
2019-06-04 17:41:48,679 INFO [main] o.a.catalina.core.StandardService [DirectJDKLog.java : 173] Starting service [Tomcat]
2019-06-04 17:41:48,680 INFO [main] o.a.catalina.core.StandardEngine [DirectJDKLog.java : 173] Starting Servlet engine: [Apache Tomcat/9.0.17]
2019-06-04 17:41:48,881 INFO [main] o.a.c.c.C.[Tomcat].[localhost].[/] [DirectJDKLog.java : 173] Initializing Spring embedded WebApplicationContext
2019-06-04 17:41:49,163 INFO [main] c.a.s.connector.redis.RedisConfig [RedisConfig.java : 88] getJedisPoolConfig
2019-06-04 17:41:49,166 INFO [main] c.a.s.connector.redis.RedisConfig [RedisConfig.java : 112] getConnectionFactory
2019-06-04 17:41:49,377 INFO [main] o.s.b.f.a.AutowiredAnnotationBeanPostProcessor [AutowiredAnnotationBeanPostProcessor.java : 471] Autowired annotation should only be used on methods with parameters: private void com.addplus.server.consumer.rabbitmq.LogOperatorConsumer.initRestMapperMap()
2019-06-04 17:41:50,571 INFO [main] c.a.s.connector.redis.RedisConfig [RedisConfig.java : 126] getRedisTemplate
2019-06-04 17:41:50,583 INFO [main] c.a.s.connector.redis.RedisConfig [RedisConfig.java : 137] getRedisTemplateForPython
2019-06-04 17:41:50,584 INFO [main] c.a.s.connector.redis.RedisConfig [RedisConfig.java : 150] getRedisTemplate
2019-06-04 17:41:50,587 INFO [main] c.a.s.connector.redis.RedisConfig [RedisConfig.java : 163] redisSlaveTemplateManager
2019-06-04 17:41:50,588 INFO [main] c.a.s.connector.redis.RedisConfig [RedisConfig.java : 197] getListOperations
2019-06-04 17:41:50,592 INFO [main] c.a.s.connector.redis.RedisConfig [RedisConfig.java : 203] getHashOperations
2019-06-04 17:41:50,595 INFO [main] c.a.s.connector.redis.RedisConfig [RedisConfig.java : 209] getSetOperations
2019-06-04 17:41:50,597 INFO [main] c.a.s.connector.redis.RedisConfig [RedisConfig.java : 215] getValueOperations
2019-06-04 17:41:50,600 INFO [main] c.a.s.connector.redis.RedisConfig [RedisConfig.java : 221] getValueOperations
2019-06-04 17:41:50,789 INFO [main] o.s.s.c.ThreadPoolTaskExecutor [ExecutorConfigurationSupport.java : 171] Initializing ExecutorService 'applicationTaskExecutor'
2019-06-04 17:41:51,264 INFO [main] o.s.b.a.e.web.EndpointLinksResolver [EndpointLinksResolver.java : 59] Exposing 2 endpoint(s) beneath base path '/actuator'
2019-06-04 17:41:51,352 INFO [main] o.s.b.w.e.tomcat.TomcatWebServer [TomcatWebServer.java : 204] Tomcat started on port(s): 9091 (http) with context path ''
2019-06-04 17:41:51,356 INFO [main] c.a.s.consumer.ConsumerApplication [StartupInfoLogger.java : 59] Started ConsumerApplication in 5.84 seconds (JVM running for 8.297)
2019-06-04 17:41:51,817 INFO [RMI TCP Connection(2)-192.168.3.47] o.a.c.c.C.[Tomcat].[localhost].[/] [DirectJDKLog.java : 173] Initializing Spring DispatcherServlet 'dispatcherServlet'
2019-06-04 18:05:40,610 INFO [Thread-13] o.s.s.c.ThreadPoolTaskExecutor [ExecutorConfigurationSupport.java : 208] Shutting down ExecutorService 'applicationTaskExecutor'
2019-06-04 18:05:46,284 INFO [main] c.a.s.consumer.ConsumerApplication [StartupInfoLogger.java : 50] Starting ConsumerApplication on VX40KKIG7O7TEG5 with PID 3172 (C:\Users\Administrator\Desktop\addplus_mini-master\addplus_consumer\target\classes started by Administrator in C:\Users\Administrator\Desktop\addplus_mini-master)
2019-06-04 18:05:46,304 INFO [main] c.a.s.consumer.ConsumerApplication [SpringApplication.java : 679] The following profiles are active: connector,dev
2019-06-04 18:05:48,414 INFO [main] o.s.d.r.c.RepositoryConfigurationDelegate [RepositoryConfigurationDelegate.java : 244] Multiple Spring Data modules found, entering strict repository configuration mode!
2019-06-04 18:05:48,432 INFO [main] o.s.d.r.c.RepositoryConfigurationDelegate [RepositoryConfigurationDelegate.java : 126] Bootstrapping Spring Data repositories in DEFAULT mode.
2019-06-04 18:05:48,476 INFO [main] o.s.d.r.c.RepositoryConfigurationDelegate [RepositoryConfigurationDelegate.java : 182] Finished Spring Data repository scanning in 21ms. Found 0 repository interfaces.
2019-06-04 18:05:49,236 INFO [main] o.s.c.s.PostProcessorRegistrationDelegate$BeanPostProcessorChecker [PostProcessorRegistrationDelegate.java : 330] Bean 'org.springframework.transaction.annotation.ProxyTransactionManagementConfiguration' of type [org.springframework.transaction.annotation.ProxyTransactionManagementConfiguration$$EnhancerBySpringCGLIB$$cc21548b] is not eligible for getting processed by all BeanPostProcessors (for example: not eligible for auto-proxying)
2019-06-04 18:05:49,683 INFO [main] o.s.b.w.e.tomcat.TomcatWebServer [TomcatWebServer.java : 90] Tomcat initialized with port(s): 9091 (http)
2019-06-04 18:05:49,709 INFO [main] o.a.catalina.core.StandardService [DirectJDKLog.java : 173] Starting service [Tomcat]
2019-06-04 18:05:49,710 INFO [main] o.a.catalina.core.StandardEngine [DirectJDKLog.java : 173] Starting Servlet engine: [Apache Tomcat/9.0.17]
2019-06-04 18:05:50,068 INFO [main] o.a.c.c.C.[Tomcat].[localhost].[/] [DirectJDKLog.java : 173] Initializing Spring embedded WebApplicationContext
2019-06-04 18:05:50,598 INFO [main] c.a.s.connector.redis.RedisConfig [RedisConfig.java : 88] getJedisPoolConfig
2019-06-04 18:05:50,604 INFO [main] c.a.s.connector.redis.RedisConfig [RedisConfig.java : 112] getConnectionFactory
2019-06-04 18:05:50,975 INFO [main] o.s.b.f.a.AutowiredAnnotationBeanPostProcessor [AutowiredAnnotationBeanPostProcessor.java : 471] Autowired annotation should only be used on methods with parameters: private void com.addplus.server.consumer.rabbitmq.LogOperatorConsumer.initRestMapperMap()
2019-06-04 18:05:53,431 INFO [main] c.a.s.connector.redis.RedisConfig [RedisConfig.java : 126] getRedisTemplate
2019-06-04 18:05:53,451 INFO [main] c.a.s.connector.redis.RedisConfig [RedisConfig.java : 137] getRedisTemplateForPython
2019-06-04 18:05:53,452 INFO [main] c.a.s.connector.redis.RedisConfig [RedisConfig.java : 150] getRedisTemplate
2019-06-04 18:05:53,457 INFO [main] c.a.s.connector.redis.RedisConfig [RedisConfig.java : 163] redisSlaveTemplateManager
2019-06-04 18:05:53,460 INFO [main] c.a.s.connector.redis.RedisConfig [RedisConfig.java : 197] getListOperations
2019-06-04 18:05:53,465 INFO [main] c.a.s.connector.redis.RedisConfig [RedisConfig.java : 203] getHashOperations
2019-06-04 18:05:53,468 INFO [main] c.a.s.connector.redis.RedisConfig [RedisConfig.java : 209] getSetOperations
2019-06-04 18:05:53,471 INFO [main] c.a.s.connector.redis.RedisConfig [RedisConfig.java : 215] getValueOperations
2019-06-04 18:05:53,475 INFO [main] c.a.s.connector.redis.RedisConfig [RedisConfig.java : 221] getValueOperations
2019-06-04 18:05:53,764 INFO [main] o.s.s.c.ThreadPoolTaskExecutor [ExecutorConfigurationSupport.java : 171] Initializing ExecutorService 'applicationTaskExecutor'
2019-06-04 18:05:54,381 INFO [main] o.s.b.a.e.web.EndpointLinksResolver [EndpointLinksResolver.java : 59] Exposing 2 endpoint(s) beneath base path '/actuator'
2019-06-04 18:05:54,479 INFO [main] o.s.b.w.e.tomcat.TomcatWebServer [TomcatWebServer.java : 204] Tomcat started on port(s): 9091 (http) with context path ''
2019-06-04 18:05:54,483 INFO [main] c.a.s.consumer.ConsumerApplication [StartupInfoLogger.java : 59] Started ConsumerApplication in 9.569 seconds (JVM running for 11.13)
2019-06-04 18:05:54,803 INFO [RMI TCP Connection(2)-192.168.3.47] o.a.c.c.C.[Tomcat].[localhost].[/] [DirectJDKLog.java : 173] Initializing Spring DispatcherServlet 'dispatcherServlet'
2019-06-04 18:17:41,413 INFO [Thread-20] o.s.s.c.ThreadPoolTaskExecutor [ExecutorConfigurationSupport.java : 208] Shutting down ExecutorService 'applicationTaskExecutor'
2019-06-04 18:17:47,525 INFO [main] c.a.s.consumer.ConsumerApplication [StartupInfoLogger.java : 50] Starting ConsumerApplication on VX40KKIG7O7TEG5 with PID 49604 (C:\Users\Administrator\Desktop\addplus_mini-master\addplus_consumer\target\classes started by Administrator in C:\Users\Administrator\Desktop\addplus_mini-master)
2019-06-04 18:17:47,530 INFO [main] c.a.s.consumer.ConsumerApplication [SpringApplication.java : 679] The following profiles are active: connector,dev
2019-06-04 18:17:48,833 INFO [main] o.s.d.r.c.RepositoryConfigurationDelegate [RepositoryConfigurationDelegate.java : 244] Multiple Spring Data modules found, entering strict repository configuration mode!
2019-06-04 18:17:48,835 INFO [main] o.s.d.r.c.RepositoryConfigurationDelegate [RepositoryConfigurationDelegate.java : 126] Bootstrapping Spring Data repositories in DEFAULT mode.
2019-06-04 18:17:48,861 INFO [main] o.s.d.r.c.RepositoryConfigurationDelegate [RepositoryConfigurationDelegate.java : 182] Finished Spring Data repository scanning in 12ms. Found 0 repository interfaces.
2019-06-04 18:17:49,253 INFO [main] o.s.c.s.PostProcessorRegistrationDelegate$BeanPostProcessorChecker [PostProcessorRegistrationDelegate.java : 330] Bean 'org.springframework.transaction.annotation.ProxyTransactionManagementConfiguration' of type [org.springframework.transaction.annotation.ProxyTransactionManagementConfiguration$$EnhancerBySpringCGLIB$$d421fb4b] is not eligible for getting processed by all BeanPostProcessors (for example: not eligible for auto-proxying)
2019-06-04 18:17:49,572 INFO [main] o.s.b.w.e.tomcat.TomcatWebServer [TomcatWebServer.java : 90] Tomcat initialized with port(s): 9091 (http)
2019-06-04 18:17:49,593 INFO [main] o.a.catalina.core.StandardService [DirectJDKLog.java : 173] Starting service [Tomcat]
2019-06-04 18:17:49,594 INFO [main] o.a.catalina.core.StandardEngine [DirectJDKLog.java : 173] Starting Servlet engine: [Apache Tomcat/9.0.17]
2019-06-04 18:17:49,792 INFO [main] o.a.c.c.C.[Tomcat].[localhost].[/] [DirectJDKLog.java : 173] Initializing Spring embedded WebApplicationContext
2019-06-04 18:17:50,036 INFO [main] c.a.s.connector.redis.RedisConfig [RedisConfig.java : 88] getJedisPoolConfig
2019-06-04 18:17:50,038 INFO [main] c.a.s.connector.redis.RedisConfig [RedisConfig.java : 112] getConnectionFactory
2019-06-04 18:17:50,224 INFO [main] o.s.b.f.a.AutowiredAnnotationBeanPostProcessor [AutowiredAnnotationBeanPostProcessor.java : 471] Autowired annotation should only be used on methods with parameters: private void com.addplus.server.consumer.rabbitmq.LogOperatorConsumer.initRestMapperMap()
2019-06-04 18:17:51,372 INFO [main] c.a.s.connector.redis.RedisConfig [RedisConfig.java : 126] getRedisTemplate
2019-06-04 18:17:51,385 INFO [main] c.a.s.connector.redis.RedisConfig [RedisConfig.java : 137] getRedisTemplateForPython
2019-06-04 18:17:51,387 INFO [main] c.a.s.connector.redis.RedisConfig [RedisConfig.java : 150] getRedisTemplate
2019-06-04 18:17:51,390 INFO [main] c.a.s.connector.redis.RedisConfig [RedisConfig.java : 163] redisSlaveTemplateManager
2019-06-04 18:17:51,392 INFO [main] c.a.s.connector.redis.RedisConfig [RedisConfig.java : 197] getListOperations
2019-06-04 18:17:51,396 INFO [main] c.a.s.connector.redis.RedisConfig [RedisConfig.java : 203] getHashOperations
2019-06-04 18:17:51,404 INFO [main] c.a.s.connector.redis.RedisConfig [RedisConfig.java : 209] getSetOperations
2019-06-04 18:17:51,408 INFO [main] c.a.s.connector.redis.RedisConfig [RedisConfig.java : 215] getValueOperations
2019-06-04 18:17:51,412 INFO [main] c.a.s.connector.redis.RedisConfig [RedisConfig.java : 221] getValueOperations
2019-06-04 18:17:51,622 INFO [main] o.s.s.c.ThreadPoolTaskExecutor [ExecutorConfigurationSupport.java : 171] Initializing ExecutorService 'applicationTaskExecutor'
2019-06-04 18:17:52,134 INFO [main] o.s.b.a.e.web.EndpointLinksResolver [EndpointLinksResolver.java : 59] Exposing 2 endpoint(s) beneath base path '/actuator'
2019-06-04 18:17:52,336 INFO [main] o.s.b.w.e.tomcat.TomcatWebServer [TomcatWebServer.java : 204] Tomcat started on port(s): 9091 (http) with context path ''
2019-06-04 18:17:52,343 INFO [main] c.a.s.consumer.ConsumerApplication [StartupInfoLogger.java : 59] Started ConsumerApplication in 6.189 seconds (JVM running for 7.919)
2019-06-04 18:17:52,842 INFO [RMI TCP Connection(4)-192.168.3.47] o.a.c.c.C.[Tomcat].[localhost].[/] [DirectJDKLog.java : 173] Initializing Spring DispatcherServlet 'dispatcherServlet'
2019-06-04 18:37:08,717 INFO [Thread-12] o.s.s.c.ThreadPoolTaskExecutor [ExecutorConfigurationSupport.java : 208] Shutting down ExecutorService 'applicationTaskExecutor'
2019-06-04 18:37:19,622 INFO [main] c.a.s.consumer.ConsumerApplication [StartupInfoLogger.java : 50] Starting ConsumerApplication on VX40KKIG7O7TEG5 with PID 17252 (C:\Users\Administrator\Desktop\addplus_mini-master\addplus_consumer\target\classes started by Administrator in C:\Users\Administrator\Desktop\addplus_mini-master)
2019-06-04 18:37:19,626 INFO [main] c.a.s.consumer.ConsumerApplication [SpringApplication.java : 679] The following profiles are active: connector,dev
2019-06-04 18:37:20,613 INFO [main] o.s.d.r.c.RepositoryConfigurationDelegate [RepositoryConfigurationDelegate.java : 244] Multiple Spring Data modules found, entering strict repository configuration mode!
2019-06-04 18:37:20,615 INFO [main] o.s.d.r.c.RepositoryConfigurationDelegate [RepositoryConfigurationDelegate.java : 126] Bootstrapping Spring Data repositories in DEFAULT mode.
2019-06-04 18:37:20,643 INFO [main] o.s.d.r.c.RepositoryConfigurationDelegate [RepositoryConfigurationDelegate.java : 182] Finished Spring Data repository scanning in 13ms. Found 0 repository interfaces.
2019-06-04 18:37:21,112 INFO [main] o.s.c.s.PostProcessorRegistrationDelegate$BeanPostProcessorChecker [PostProcessorRegistrationDelegate.java : 330] Bean 'org.springframework.transaction.annotation.ProxyTransactionManagementConfiguration' of type [org.springframework.transaction.annotation.ProxyTransactionManagementConfiguration$$EnhancerBySpringCGLIB$$423cbff9] is not eligible for getting processed by all BeanPostProcessors (for example: not eligible for auto-proxying)
2019-06-04 18:37:21,437 INFO [main] o.s.b.w.e.tomcat.TomcatWebServer [TomcatWebServer.java : 90] Tomcat initialized with port(s): 9091 (http)
2019-06-04 18:37:21,459 INFO [main] o.a.catalina.core.StandardService [DirectJDKLog.java : 173] Starting service [Tomcat]
2019-06-04 18:37:21,460 INFO [main] o.a.catalina.core.StandardEngine [DirectJDKLog.java : 173] Starting Servlet engine: [Apache Tomcat/9.0.17]
2019-06-04 18:37:21,658 INFO [main] o.a.c.c.C.[Tomcat].[localhost].[/] [DirectJDKLog.java : 173] Initializing Spring embedded WebApplicationContext
2019-06-04 18:37:21,912 INFO [main] c.a.s.connector.redis.RedisConfig [RedisConfig.java : 88] getJedisPoolConfig
2019-06-04 18:37:21,915 INFO [main] c.a.s.connector.redis.RedisConfig [RedisConfig.java : 112] getConnectionFactory
2019-06-04 18:37:22,128 INFO [main] o.s.b.f.a.AutowiredAnnotationBeanPostProcessor [AutowiredAnnotationBeanPostProcessor.java : 471] Autowired annotation should only be used on methods with parameters: private void com.addplus.server.consumer.rabbitmq.LogOperatorConsumer.initRestMapperMap()
2019-06-04 18:37:23,312 INFO [main] c.a.s.connector.redis.RedisConfig [RedisConfig.java : 126] getRedisTemplate
2019-06-04 18:37:23,324 INFO [main] c.a.s.connector.redis.RedisConfig [RedisConfig.java : 137] getRedisTemplateForPython
2019-06-04 18:37:23,325 INFO [main] c.a.s.connector.redis.RedisConfig [RedisConfig.java : 150] getRedisTemplate
2019-06-04 18:37:23,328 INFO [main] c.a.s.connector.redis.RedisConfig [RedisConfig.java : 163] redisSlaveTemplateManager
2019-06-04 18:37:23,329 INFO [main] c.a.s.connector.redis.RedisConfig [RedisConfig.java : 197] getListOperations
2019-06-04 18:37:23,333 INFO [main] c.a.s.connector.redis.RedisConfig [RedisConfig.java : 203] getHashOperations
2019-06-04 18:37:23,336 INFO [main] c.a.s.connector.redis.RedisConfig [RedisConfig.java : 209] getSetOperations
2019-06-04 18:37:23,338 INFO [main] c.a.s.connector.redis.RedisConfig [RedisConfig.java : 215] getValueOperations
2019-06-04 18:37:23,342 INFO [main] c.a.s.connector.redis.RedisConfig [RedisConfig.java : 221] getValueOperations
2019-06-04 18:37:23,574 INFO [main] o.s.s.c.ThreadPoolTaskExecutor [ExecutorConfigurationSupport.java : 171] Initializing ExecutorService 'applicationTaskExecutor'
2019-06-04 18:37:24,031 INFO [main] o.s.b.a.e.web.EndpointLinksResolver [EndpointLinksResolver.java : 59] Exposing 2 endpoint(s) beneath base path '/actuator'
2019-06-04 18:37:24,105 INFO [main] o.s.b.w.e.tomcat.TomcatWebServer [TomcatWebServer.java : 204] Tomcat started on port(s): 9091 (http) with context path ''
2019-06-04 18:37:24,108 INFO [main] c.a.s.consumer.ConsumerApplication [StartupInfoLogger.java : 59] Started ConsumerApplication in 5.603 seconds (JVM running for 7.692)
2019-06-04 18:37:25,018 INFO [RMI TCP Connection(3)-192.168.3.47] o.a.c.c.C.[Tomcat].[localhost].[/] [DirectJDKLog.java : 173] Initializing Spring DispatcherServlet 'dispatcherServlet'
